<?xml version="1.0" encoding="UTF-8"?>
<testsuite name="LongResponsesTest" tests="1" skipped="0" failures="0" errors="0" timestamp="2022-04-19T09:59:36" hostname="Ahmeds-MacBook-Air.local" time="0.035">
  <properties/>
  <testcase name="unknown()" classname="LongResponsesTest" time="0.035"/>
  <system-out><![CDATA[...
]]></system-out>
  <system-err><![CDATA[]]></system-err>
</testsuite>
